<?xml version="1.0" encoding="UTF-8"?>
<testng-results ignored="0" total="1" passed="1" failed="0" skipped="0">
  <reporter-output>
    <line>
      <![CDATA[== Browser Opened and Maximized ==]]>
    </line>
    <line>
      <![CDATA[== Successfully Logged in ==]]>
    </line>
    <line>
      <![CDATA[****CampaignSystemTest****]]>
    </line>
    <line>
      <![CDATA[successfully mouseover to: More]]>
    </line>
    <line>
      <![CDATA[successfully mouseover to: More]]>
    </line>
    <line>
      <![CDATA[Vendor is created and verified]]>
    </line>
    <line>
      <![CDATA[>> Selected by value:Hardware]]>
    </line>
    <line>
      <![CDATA[module=Vendors Switch to Window is passed--!]]>
    </line>
    <line>
      <![CDATA[>> Selected by value:vendorname]]>
    </line>
    <line>
      <![CDATA[++ Successfully Clicked on the element ++]]>
    </line>
    <line>
      <![CDATA[Product is created and verified]]>
    </line>
    <line>
      <![CDATA[successfully mouseover to: More]]>
    </line>
    <line>
      <![CDATA[>> Selected by value:Advertisement]]>
    </line>
    <line>
      <![CDATA[module=Products Switch to Window is passed--!]]>
    </line>
    <line>
      <![CDATA[>> Selected by value:productname]]>
    </line>
    <line>
      <![CDATA[++ Successfully Clicked on the element ++]]>
    </line>
    <line>
      <![CDATA[>> Selected by value:Good]]>
    </line>
    <line>
      <![CDATA[Campaign is created and verified]]>
    </line>
    <line>
      <![CDATA[Campaign TestScript is successfully Completed]]>
    </line>
    <line>
      <![CDATA[## Successfully written data into excel ##]]>
    </line>
    <line>
      <![CDATA[successfully mouseover to: ]]>
    </line>
    <line>
      <![CDATA[== Successfully Logged out  ==]]>
    </line>
    <line>
      <![CDATA[== Browser Closed ==]]>
    </line>
  </reporter-output>
  <suite started-at="2023-07-13T17:33:17 IST" name="Default suite" finished-at="2023-07-13T17:33:58 IST" duration-ms="40340">
    <groups>
      <group name="regressionTest">
        <method signature="CampaignSystemTest.createcCampaign()[pri:0, instance:com.pyga.systemtest.CampaignSystemTest@3c46e67a]" name="createcCampaign" class="com.pyga.systemtest.CampaignSystemTest"/>
      </group> <!-- regressionTest -->
      <group name="smokeTest">
        <method signature="CampaignSystemTest.createcCampaign()[pri:0, instance:com.pyga.systemtest.CampaignSystemTest@3c46e67a]" name="createcCampaign" class="com.pyga.systemtest.CampaignSystemTest"/>
      </group> <!-- smokeTest -->
    </groups>
    <test started-at="2023-07-13T17:33:17 IST" name="Default test" finished-at="2023-07-13T17:33:58 IST" duration-ms="40340">
      <class name="com.pyga.systemtest.CampaignSystemTest">
        <test-method is-config="true" signature="openBrowser()[pri:0, instance:com.pyga.systemtest.CampaignSystemTest@3c46e67a]" started-at="2023-07-13T17:33:18 IST" name="openBrowser" finished-at="2023-07-13T17:33:24 IST" duration-ms="5761" status="PASS">
          <reporter-output>
            <line>
              <![CDATA[== Browser Opened and Maximized ==]]>
            </line>
          </reporter-output>
        </test-method> <!-- openBrowser -->
        <test-method is-config="true" signature="loginToapp()[pri:0, instance:com.pyga.systemtest.CampaignSystemTest@3c46e67a]" started-at="2023-07-13T17:33:24 IST" name="loginToapp" finished-at="2023-07-13T17:33:26 IST" duration-ms="2329" status="PASS">
          <reporter-output>
            <line>
              <![CDATA[== Successfully Logged in ==]]>
            </line>
          </reporter-output>
        </test-method> <!-- loginToapp -->
        <test-method signature="createcCampaign()[pri:0, instance:com.pyga.systemtest.CampaignSystemTest@3c46e67a]" started-at="2023-07-13T17:33:26 IST" name="createcCampaign" finished-at="2023-07-13T17:33:56 IST" duration-ms="29852" status="PASS">
          <reporter-output>
            <line>
              <![CDATA[****CampaignSystemTest****]]>
            </line>
            <line>
              <![CDATA[successfully mouseover to: More]]>
            </line>
            <line>
              <![CDATA[successfully mouseover to: More]]>
            </line>
            <line>
              <![CDATA[Vendor is created and verified]]>
            </line>
            <line>
              <![CDATA[>> Selected by value:Hardware]]>
            </line>
            <line>
              <![CDATA[module=Vendors Switch to Window is passed--!]]>
            </line>
            <line>
              <![CDATA[>> Selected by value:vendorname]]>
            </line>
            <line>
              <![CDATA[++ Successfully Clicked on the element ++]]>
            </line>
            <line>
              <![CDATA[Product is created and verified]]>
            </line>
            <line>
              <![CDATA[successfully mouseover to: More]]>
            </line>
            <line>
              <![CDATA[>> Selected by value:Advertisement]]>
            </line>
            <line>
              <![CDATA[module=Products Switch to Window is passed--!]]>
            </line>
            <line>
              <![CDATA[>> Selected by value:productname]]>
            </line>
            <line>
              <![CDATA[++ Successfully Clicked on the element ++]]>
            </line>
            <line>
              <![CDATA[>> Selected by value:Good]]>
            </line>
            <line>
              <![CDATA[Campaign is created and verified]]>
            </line>
            <line>
              <![CDATA[Campaign TestScript is successfully Completed]]>
            </line>
            <line>
              <![CDATA[## Successfully written data into excel ##]]>
            </line>
          </reporter-output>
        </test-method> <!-- createcCampaign -->
        <test-method is-config="true" signature="logoutFromApp()[pri:0, instance:com.pyga.systemtest.CampaignSystemTest@3c46e67a]" started-at="2023-07-13T17:33:56 IST" name="logoutFromApp" finished-at="2023-07-13T17:33:57 IST" duration-ms="1327" status="PASS">
          <reporter-output>
            <line>
              <![CDATA[successfully mouseover to: ]]>
            </line>
            <line>
              <![CDATA[== Successfully Logged out  ==]]>
            </line>
          </reporter-output>
        </test-method> <!-- logoutFromApp -->
        <test-method is-config="true" signature="closeBrowser()[pri:0, instance:com.pyga.systemtest.CampaignSystemTest@3c46e67a]" started-at="2023-07-13T17:33:57 IST" name="closeBrowser" finished-at="2023-07-13T17:33:58 IST" duration-ms="315" status="PASS">
          <reporter-output>
            <line>
              <![CDATA[== Browser Closed ==]]>
            </line>
          </reporter-output>
        </test-method> <!-- closeBrowser -->
      </class> <!-- com.pyga.systemtest.CampaignSystemTest -->
    </test> <!-- Default test -->
  </suite> <!-- Default suite -->
</testng-results>
