<?xml version="1.0" encoding="UTF-8"?>
<testng-results ignored="0" total="1" passed="1" failed="0" skipped="0">
  <reporter-output>
    <line>
      <![CDATA[== Browser Opened and Maximized ==]]>
    </line>
    <line>
      <![CDATA[== Successfully Logged in ==]]>
    </line>
    <line>
      <![CDATA[successfully mouseover to: More]]>
    </line>
    <line>
      <![CDATA[Vendor is created and verified]]>
    </line>
    <line>
      <![CDATA[++ Successfully Clicked on the element ++]]>
    </line>
    <line>
      <![CDATA[module=Vendors Switch to Window is passed--!]]>
    </line>
    <line>
      <![CDATA[>> Selected by value:vendorname]]>
    </line>
    <line>
      <![CDATA[>> Selected by value:AltvetPet Inc.]]>
    </line>
    <line>
      <![CDATA[>> Selected by value:Hardware]]>
    </line>
    <line>
      <![CDATA[Product is created and verified]]>
    </line>
    <line>
      <![CDATA[successfully mouseover to: More]]>
    </line>
    <line>
      <![CDATA[>> Selected by value:Advertisement]]>
    </line>
    <line>
      <![CDATA[module=Products Switch to Window is passed--!]]>
    </line>
    <line>
      <![CDATA[>> Selected by value:productname]]>
    </line>
    <line>
      <![CDATA[>> Selected by value:Good]]>
    </line>
    <line>
      <![CDATA[Campaign is created and verified]]>
    </line>
    <line>
      <![CDATA[>> Selected by value:Engineering]]>
    </line>
    <line>
      <![CDATA[>> Selected by value:Active]]>
    </line>
    <line>
      <![CDATA[>> Selected by value:Customer]]>
    </line>
    <line>
      <![CDATA[Organization is created and verified]]>
    </line>
    <line>
      <![CDATA[successfully mouseover to: More]]>
    </line>
    <line>
      <![CDATA[successfully mouseover to: More]]>
    </line>
    <line>
      <![CDATA[module=Accounts Switch to Window is passed--!]]>
    </line>
    <line>
      <![CDATA[>> Selected by Visible text:Organization Name]]>
    </line>
    <line>
      <![CDATA[++ Successfully Clicked on the element ++]]>
    </line>
    <line>
      <![CDATA[++ Alert is Handled and clicked on ok ++]]>
    </line>
    <line>
      <![CDATA[module=Potentials Switch to Window is passed--!]]>
    </line>
    <line>
      <![CDATA[>> Selected by Visible text:Opportunity]]>
    </line>
    <line>
      <![CDATA[module=Products Switch to Window is passed--!]]>
    </line>
    <line>
      <![CDATA[>> Selected by Visible text:Product Name]]>
    </line>
    <line>
      <![CDATA[Quote is created and verified]]>
    </line>
    <line>
      <![CDATA[successfully mouseover to: More]]>
    </line>
    <line>
      <![CDATA[module=Quotes Switch to Window is passed--!]]>
    </line>
    <line>
      <![CDATA[>> Selected by Visible text:Subject]]>
    </line>
    <line>
      <![CDATA[module=Accounts Switch to Window is passed--!]]>
    </line>
    <line>
      <![CDATA[++ Alert is Handled and clicked on ok ++]]>
    </line>
    <line>
      <![CDATA[Sales Order is created and verified]]>
    </line>
    <line>
      <![CDATA[successfully mouseover to: More]]>
    </line>
    <line>
      <![CDATA[module=SalesOrder Switch to Window is passed--!]]>
    </line>
    <line>
      <![CDATA[>> Selected by Visible text:Subject]]>
    </line>
    <line>
      <![CDATA[module=Accounts Switch to Window is passed--!]]>
    </line>
    <line>
      <![CDATA[++ Alert is Handled and clicked on ok ++]]>
    </line>
    <line>
      <![CDATA[Invoice is created and verified]]>
    </line>
    <line>
      <![CDATA[Invoice TestScript is successfully Completed]]>
    </line>
    <line>
      <![CDATA[## Successfully written data into excel ##]]>
    </line>
    <line>
      <![CDATA[successfully mouseover to: ]]>
    </line>
    <line>
      <![CDATA[== Successfully Logged out  ==]]>
    </line>
    <line>
      <![CDATA[== Browser Closed ==]]>
    </line>
  </reporter-output>
  <suite started-at="2023-07-13T13:06:52 IST" name="Default suite" finished-at="2023-07-13T13:08:20 IST" duration-ms="88344">
    <groups>
      <group name="regressionTest">
        <method signature="Invoice_234Test.createInvoiceFromVendor()[pri:0, instance:com.pyga.systemtest.Invoice_234Test@3754a4bf]" name="createInvoiceFromVendor" class="com.pyga.systemtest.Invoice_234Test"/>
      </group> <!-- regressionTest -->
    </groups>
    <test started-at="2023-07-13T13:06:52 IST" name="Default test" finished-at="2023-07-13T13:08:20 IST" duration-ms="88344">
      <class name="com.pyga.systemtest.Invoice_234Test">
        <test-method is-config="true" signature="openBrowser()[pri:0, instance:com.pyga.systemtest.Invoice_234Test@3754a4bf]" started-at="2023-07-13T13:06:52 IST" name="openBrowser" finished-at="2023-07-13T13:06:58 IST" duration-ms="5870" status="PASS">
          <reporter-output>
            <line>
              <![CDATA[== Browser Opened and Maximized ==]]>
            </line>
          </reporter-output>
        </test-method> <!-- openBrowser -->
        <test-method is-config="true" signature="loginToapp()[pri:0, instance:com.pyga.systemtest.Invoice_234Test@3754a4bf]" started-at="2023-07-13T13:06:58 IST" name="loginToapp" finished-at="2023-07-13T13:07:01 IST" duration-ms="2931" status="PASS">
          <reporter-output>
            <line>
              <![CDATA[== Successfully Logged in ==]]>
            </line>
          </reporter-output>
        </test-method> <!-- loginToapp -->
        <test-method signature="createInvoiceFromVendor()[pri:0, instance:com.pyga.systemtest.Invoice_234Test@3754a4bf]" started-at="2023-07-13T13:07:01 IST" name="createInvoiceFromVendor" finished-at="2023-07-13T13:08:19 IST" duration-ms="78075" status="PASS">
          <reporter-output>
            <line>
              <![CDATA[successfully mouseover to: More]]>
            </line>
            <line>
              <![CDATA[Vendor is created and verified]]>
            </line>
            <line>
              <![CDATA[++ Successfully Clicked on the element ++]]>
            </line>
            <line>
              <![CDATA[module=Vendors Switch to Window is passed--!]]>
            </line>
            <line>
              <![CDATA[>> Selected by value:vendorname]]>
            </line>
            <line>
              <![CDATA[>> Selected by value:AltvetPet Inc.]]>
            </line>
            <line>
              <![CDATA[>> Selected by value:Hardware]]>
            </line>
            <line>
              <![CDATA[Product is created and verified]]>
            </line>
            <line>
              <![CDATA[successfully mouseover to: More]]>
            </line>
            <line>
              <![CDATA[>> Selected by value:Advertisement]]>
            </line>
            <line>
              <![CDATA[module=Products Switch to Window is passed--!]]>
            </line>
            <line>
              <![CDATA[>> Selected by value:productname]]>
            </line>
            <line>
              <![CDATA[>> Selected by value:Good]]>
            </line>
            <line>
              <![CDATA[Campaign is created and verified]]>
            </line>
            <line>
              <![CDATA[>> Selected by value:Engineering]]>
            </line>
            <line>
              <![CDATA[>> Selected by value:Active]]>
            </line>
            <line>
              <![CDATA[>> Selected by value:Customer]]>
            </line>
            <line>
              <![CDATA[Organization is created and verified]]>
            </line>
            <line>
              <![CDATA[successfully mouseover to: More]]>
            </line>
            <line>
              <![CDATA[successfully mouseover to: More]]>
            </line>
            <line>
              <![CDATA[module=Accounts Switch to Window is passed--!]]>
            </line>
            <line>
              <![CDATA[>> Selected by Visible text:Organization Name]]>
            </line>
            <line>
              <![CDATA[++ Successfully Clicked on the element ++]]>
            </line>
            <line>
              <![CDATA[++ Alert is Handled and clicked on ok ++]]>
            </line>
            <line>
              <![CDATA[module=Potentials Switch to Window is passed--!]]>
            </line>
            <line>
              <![CDATA[>> Selected by Visible text:Opportunity]]>
            </line>
            <line>
              <![CDATA[module=Products Switch to Window is passed--!]]>
            </line>
            <line>
              <![CDATA[>> Selected by Visible text:Product Name]]>
            </line>
            <line>
              <![CDATA[Quote is created and verified]]>
            </line>
            <line>
              <![CDATA[successfully mouseover to: More]]>
            </line>
            <line>
              <![CDATA[module=Quotes Switch to Window is passed--!]]>
            </line>
            <line>
              <![CDATA[>> Selected by Visible text:Subject]]>
            </line>
            <line>
              <![CDATA[module=Accounts Switch to Window is passed--!]]>
            </line>
            <line>
              <![CDATA[++ Alert is Handled and clicked on ok ++]]>
            </line>
            <line>
              <![CDATA[Sales Order is created and verified]]>
            </line>
            <line>
              <![CDATA[successfully mouseover to: More]]>
            </line>
            <line>
              <![CDATA[module=SalesOrder Switch to Window is passed--!]]>
            </line>
            <line>
              <![CDATA[>> Selected by Visible text:Subject]]>
            </line>
            <line>
              <![CDATA[module=Accounts Switch to Window is passed--!]]>
            </line>
            <line>
              <![CDATA[++ Alert is Handled and clicked on ok ++]]>
            </line>
            <line>
              <![CDATA[Invoice is created and verified]]>
            </line>
            <line>
              <![CDATA[Invoice TestScript is successfully Completed]]>
            </line>
            <line>
              <![CDATA[## Successfully written data into excel ##]]>
            </line>
          </reporter-output>
        </test-method> <!-- createInvoiceFromVendor -->
        <test-method is-config="true" signature="logoutFromApp()[pri:0, instance:com.pyga.systemtest.Invoice_234Test@3754a4bf]" started-at="2023-07-13T13:08:19 IST" name="logoutFromApp" finished-at="2023-07-13T13:08:20 IST" duration-ms="1095" status="PASS">
          <reporter-output>
            <line>
              <![CDATA[successfully mouseover to: ]]>
            </line>
            <line>
              <![CDATA[== Successfully Logged out  ==]]>
            </line>
          </reporter-output>
        </test-method> <!-- logoutFromApp -->
        <test-method is-config="true" signature="closeBrowser()[pri:0, instance:com.pyga.systemtest.Invoice_234Test@3754a4bf]" started-at="2023-07-13T13:08:20 IST" name="closeBrowser" finished-at="2023-07-13T13:08:20 IST" duration-ms="282" status="PASS">
          <reporter-output>
            <line>
              <![CDATA[== Browser Closed ==]]>
            </line>
          </reporter-output>
        </test-method> <!-- closeBrowser -->
      </class> <!-- com.pyga.systemtest.Invoice_234Test -->
    </test> <!-- Default test -->
  </suite> <!-- Default suite -->
</testng-results>
